2026-07-09T09:29:31.115+05:30  INFO 19920 --- [main] c.h.c.CareerCrafterApplication           : Starting CareerCrafterApplication using Java 17.0.9 with PID 19920 (C:\Users\aarth\Downloads\careercrafter\ccbackend\target\classes started by aarth in C:\Users\aarth\Downloads\careercrafter\ccbackend)
2026-07-09T09:29:31.151+05:30  INFO 19920 --- [main] c.h.c.CareerCrafterApplication           : No active profile set, falling back to 1 default profile: "default"
2026-07-09T09:29:33.895+05:30  INFO 19920 --- [main] .s.d.r.c.RepositoryConfigurationDelegate : Bootstrapping Spring Data JPA repositories in DEFAULT mode.
2026-07-09T09:29:34.128+05:30  INFO 19920 --- [main] .s.d.r.c.RepositoryConfigurationDelegate : Finished Spring Data repository scanning in 197 ms. Found 4 JPA repository interfaces.
2026-07-09T09:29:36.207+05:30  INFO 19920 --- [main] o.s.b.w.embedded.tomcat.TomcatWebServer  : Tomcat initialized with port 8080 (http)
2026-07-09T09:29:36.257+05:30  INFO 19920 --- [main] o.apache.catalina.core.StandardService   : Starting service [Tomcat]
2026-07-09T09:29:36.259+05:30  INFO 19920 --- [main] o.apache.catalina.core.StandardEngine    : Starting Servlet engine: [Apache Tomcat/10.1.20]
2026-07-09T09:29:36.461+05:30  INFO 19920 --- [main] o.a.c.c.C.[Tomcat].[localhost].[/]       : Initializing Spring embedded WebApplicationContext
2026-07-09T09:29:36.462+05:30  INFO 19920 --- [main] w.s.c.ServletWebServerApplicationContext : Root WebApplicationContext: initialization completed in 5180 ms
2026-07-09T09:29:36.813+05:30  INFO 19920 --- [main] o.hibernate.jpa.internal.util.LogHelper  : HHH000204: Processing PersistenceUnitInfo [name: default]
2026-07-09T09:29:36.997+05:30  INFO 19920 --- [main] org.hibernate.Version                    : HHH000412: Hibernate ORM core version 6.4.4.Final
2026-07-09T09:29:37.093+05:30  INFO 19920 --- [main] o.h.c.internal.RegionFactoryInitiator    : HHH000026: Second-level cache disabled
2026-07-09T09:29:37.772+05:30  INFO 19920 --- [main] o.s.o.j.p.SpringPersistenceUnitInfo      : No LoadTimeWeaver setup: ignoring JPA class transformer
2026-07-09T09:29:37.845+05:30  INFO 19920 --- [main] com.zaxxer.hikari.HikariDataSource       : HikariPool-1 - Starting...
2026-07-09T09:29:38.871+05:30  INFO 19920 --- [main] com.zaxxer.hikari.pool.HikariPool        : HikariPool-1 - Added connection com.mysql.cj.jdbc.ConnectionImpl@632d4cf2
2026-07-09T09:29:38.876+05:30  INFO 19920 --- [main] com.zaxxer.hikari.HikariDataSource       : HikariPool-1 - Start completed.
2026-07-09T09:29:39.060+05:30  WARN 19920 --- [main] org.hibernate.orm.deprecation            : HHH90000025: MySQLDialect does not need to be specified explicitly using 'hibernate.dialect' (remove the property setting and it will be selected by default)
2026-07-09T09:29:41.732+05:30  INFO 19920 --- [main] o.h.e.t.j.p.i.JtaPlatformInitiator       : HHH000489: No JTA platform available (set 'hibernate.transaction.jta.platform' to enable JTA platform integration)
2026-07-09T09:29:42.044+05:30  INFO 19920 --- [main] j.LocalContainerEntityManagerFactoryBean : Initialized JPA EntityManagerFactory for persistence unit 'default'
2026-07-09T09:29:43.331+05:30  WARN 19920 --- [main] JpaBaseConfiguration$JpaWebConfiguration : spring.jpa.open-in-view is enabled by default. Therefore, database queries may be performed during view rendering. Explicitly configure spring.jpa.open-in-view to disable this warning
2026-07-09T09:29:43.377+05:30  WARN 19920 --- [main] .s.s.UserDetailsServiceAutoConfiguration : 

Using generated security password: 6ffa9d23-707c-48e5-8527-a88953969842

This generated password is for development use only. Your security configuration must be updated before running your application in production.

2026-07-09T09:29:44.093+05:30  INFO 19920 --- [main] o.s.s.web.DefaultSecurityFilterChain     : Will secure any request with [org.springframework.security.web.session.DisableEncodeUrlFilter@70736b19, org.springframework.security.web.context.request.async.WebAsyncManagerIntegrationFilter@183e64a8, org.springframework.security.web.context.SecurityContextHolderFilter@18876fa9, org.springframework.security.web.header.HeaderWriterFilter@14f03f2, org.springframework.web.filter.CorsFilter@7a553110, org.springframework.security.web.authentication.logout.LogoutFilter@3599b7e8, org.springframework.security.web.savedrequest.RequestCacheAwareFilter@b3cbc0e, org.springframework.security.web.servletapi.SecurityContextHolderAwareRequestFilter@66e27ac9, org.springframework.security.web.authentication.AnonymousAuthenticationFilter@4b8466c2, org.springframework.security.web.session.SessionManagementFilter@5f63a6f2, org.springframework.security.web.access.ExceptionTranslationFilter@6ccfce5a, org.springframework.security.web.access.intercept.AuthorizationFilter@67c1fc9b]
2026-07-09T09:29:44.680+05:30  WARN 19920 --- [main] ConfigServletWebServerApplicationContext : Exception encountered during context initialization - cancelling refresh attempt: org.springframework.context.ApplicationContextException: Failed to start bean 'webServerStartStop'
2026-07-09T09:29:44.685+05:30  INFO 19920 --- [main] j.LocalContainerEntityManagerFactoryBean : Closing JPA EntityManagerFactory for persistence unit 'default'
2026-07-09T09:29:44.690+05:30  INFO 19920 --- [main] com.zaxxer.hikari.HikariDataSource       : HikariPool-1 - Shutdown initiated...
2026-07-09T09:29:44.709+05:30  INFO 19920 --- [main] com.zaxxer.hikari.HikariDataSource       : HikariPool-1 - Shutdown completed.
2026-07-09T09:29:44.744+05:30  INFO 19920 --- [main] .s.b.a.l.ConditionEvaluationReportLogger : 

Error starting ApplicationContext. To display the condition evaluation report re-run your application with 'debug' enabled.
2026-07-09T09:29:44.792+05:30 ERROR 19920 --- [main] o.s.b.d.LoggingFailureAnalysisReporter   : 

***************************
APPLICATION FAILED TO START
***************************

Description:

Web server failed to start. Port 8080 was already in use.

Action:

Identify and stop the process that's listening on port 8080 or configure this application to listen on another port.

2026-07-09T09:30:54.127+05:30  INFO 22076 --- [main] c.h.c.CareerCrafterApplication           : Starting CareerCrafterApplication using Java 17.0.9 with PID 22076 (C:\Users\aarth\Downloads\careercrafter\ccbackend\target\classes started by aarth in C:\Users\aarth\Downloads\careercrafter\ccbackend)
2026-07-09T09:30:54.135+05:30  INFO 22076 --- [main] c.h.c.CareerCrafterApplication           : No active profile set, falling back to 1 default profile: "default"
2026-07-09T09:30:56.794+05:30  INFO 22076 --- [main] .s.d.r.c.RepositoryConfigurationDelegate : Bootstrapping Spring Data JPA repositories in DEFAULT mode.
2026-07-09T09:30:56.963+05:30  INFO 22076 --- [main] .s.d.r.c.RepositoryConfigurationDelegate : Finished Spring Data repository scanning in 152 ms. Found 4 JPA repository interfaces.
2026-07-09T09:30:58.199+05:30  INFO 22076 --- [main] o.s.b.w.embedded.tomcat.TomcatWebServer  : Tomcat initialized with port 8080 (http)
2026-07-09T09:30:58.227+05:30  INFO 22076 --- [main] o.apache.catalina.core.StandardService   : Starting service [Tomcat]
2026-07-09T09:30:58.229+05:30  INFO 22076 --- [main] o.apache.catalina.core.StandardEngine    : Starting Servlet engine: [Apache Tomcat/10.1.20]
2026-07-09T09:30:58.402+05:30  INFO 22076 --- [main] o.a.c.c.C.[Tomcat].[localhost].[/]       : Initializing Spring embedded WebApplicationContext
2026-07-09T09:30:58.403+05:30  INFO 22076 --- [main] w.s.c.ServletWebServerApplicationContext : Root WebApplicationContext: initialization completed in 4064 ms
2026-07-09T09:30:58.756+05:30  INFO 22076 --- [main] o.hibernate.jpa.internal.util.LogHelper  : HHH000204: Processing PersistenceUnitInfo [name: default]
2026-07-09T09:30:58.898+05:30  INFO 22076 --- [main] org.hibernate.Version                    : HHH000412: Hibernate ORM core version 6.4.4.Final
2026-07-09T09:30:58.986+05:30  INFO 22076 --- [main] o.h.c.internal.RegionFactoryInitiator    : HHH000026: Second-level cache disabled
2026-07-09T09:30:59.594+05:30  INFO 22076 --- [main] o.s.o.j.p.SpringPersistenceUnitInfo      : No LoadTimeWeaver setup: ignoring JPA class transformer
2026-07-09T09:30:59.678+05:30  INFO 22076 --- [main] com.zaxxer.hikari.HikariDataSource       : HikariPool-1 - Starting...
2026-07-09T09:31:00.374+05:30  INFO 22076 --- [main] com.zaxxer.hikari.pool.HikariPool        : HikariPool-1 - Added connection com.mysql.cj.jdbc.ConnectionImpl@6fbe4800
2026-07-09T09:31:00.379+05:30  INFO 22076 --- [main] com.zaxxer.hikari.HikariDataSource       : HikariPool-1 - Start completed.
2026-07-09T09:31:00.494+05:30  WARN 22076 --- [main] org.hibernate.orm.deprecation            : HHH90000025: MySQLDialect does not need to be specified explicitly using 'hibernate.dialect' (remove the property setting and it will be selected by default)
2026-07-09T09:31:02.938+05:30  INFO 22076 --- [main] o.h.e.t.j.p.i.JtaPlatformInitiator       : HHH000489: No JTA platform available (set 'hibernate.transaction.jta.platform' to enable JTA platform integration)
2026-07-09T09:31:03.179+05:30  INFO 22076 --- [main] j.LocalContainerEntityManagerFactoryBean : Initialized JPA EntityManagerFactory for persistence unit 'default'
2026-07-09T09:31:04.366+05:30  WARN 22076 --- [main] JpaBaseConfiguration$JpaWebConfiguration : spring.jpa.open-in-view is enabled by default. Therefore, database queries may be performed during view rendering. Explicitly configure spring.jpa.open-in-view to disable this warning
2026-07-09T09:31:04.403+05:30  WARN 22076 --- [main] .s.s.UserDetailsServiceAutoConfiguration : 

Using generated security password: c6bac928-f827-46a5-83c2-fb7e0ea2d23e

This generated password is for development use only. Your security configuration must be updated before running your application in production.

2026-07-09T09:31:05.028+05:30  INFO 22076 --- [main] o.s.s.web.DefaultSecurityFilterChain     : Will secure any request with [org.springframework.security.web.session.DisableEncodeUrlFilter@32db94fb, org.springframework.security.web.context.request.async.WebAsyncManagerIntegrationFilter@6b61a4b0, org.springframework.security.web.context.SecurityContextHolderFilter@5da799, org.springframework.security.web.header.HeaderWriterFilter@38aed8ad, org.springframework.web.filter.CorsFilter@5c00de0d, org.springframework.security.web.authentication.logout.LogoutFilter@66e27ac9, org.springframework.security.web.savedrequest.RequestCacheAwareFilter@a15e3c1, org.springframework.security.web.servletapi.SecurityContextHolderAwareRequestFilter@46c92d27, org.springframework.security.web.authentication.AnonymousAuthenticationFilter@6278371a, org.springframework.security.web.session.SessionManagementFilter@7859fc7, org.springframework.security.web.access.ExceptionTranslationFilter@141874c8, org.springframework.security.web.access.intercept.AuthorizationFilter@1609ed55]
2026-07-09T09:31:05.727+05:30  INFO 22076 --- [main] o.s.b.w.embedded.tomcat.TomcatWebServer  : Tomcat started on port 8080 (http) with context path ''
2026-07-09T09:31:05.753+05:30  INFO 22076 --- [main] c.h.c.CareerCrafterApplication           : Started CareerCrafterApplication in 13.016 seconds (process running for 13.865)
2026-07-09T09:32:12.601+05:30  INFO 22076 --- [http-nio-8080-exec-1] o.a.c.c.C.[Tomcat].[localhost].[/]       : Initializing Spring DispatcherServlet 'dispatcherServlet'
2026-07-09T09:32:12.603+05:30  INFO 22076 --- [http-nio-8080-exec-1] o.s.web.servlet.DispatcherServlet        : Initializing Servlet 'dispatcherServlet'
2026-07-09T09:32:12.609+05:30  INFO 22076 --- [http-nio-8080-exec-1] o.s.web.servlet.DispatcherServlet        : Completed initialization in 4 ms
